#
# A fatal error has been detected by the Java Runtime Environment:
#
#  SIGSEGV (0xb) at pc=0x00007fff623c1712, pid=4383, tid=7683
#
# JRE version:  (11.0.3+7) (build )
# Java VM: OpenJDK 64-Bit Server VM (11.0.3+7, mixed mode, aot, sharing, tiered, compressed oops, g1 gc, bsd-amd64)
# Problematic frame:
# C  [libsystem_platform.dylib+0x1712]  _platform_strlen+0x12
#
# No core dump will be written. Core dumps have been disabled. To enable core dumping, try "ulimit -c unlimited" before starting Java again
#
# If you would like to submit a bug report, please visit:
#   https://github.com/AdoptOpenJDK/openjdk-build/issues
#

---------------  S U M M A R Y ------------

Command Line: -Djava.awt.headless=true -Dscanner.home=/Users/yuzhipeng/Desktop/sonar-scanner-4.0.0.1744-macosx -Dproject.home=/Users/yuzhipeng/go/src/Algorithm-Datastruct org.sonarsource.scanner.cli.Main -Dsonar.projectKey=algorithm -Dsonar.sources=.

Host: MacBookPro12,1 x86_64 2700 MHz, 4 cores, 8G, Darwin 18.5.0
Time: Sun Sep  8 14:52:42 2019 CST elapsed time: 0 seconds (0d 0h 0m 0s)

---------------  T H R E A D  ---------------

Current thread (0x00007faa37001800):  JavaThread "Unknown thread" [_thread_in_vm, id=7683, stack(0x000070000992a000,0x0000700009a2a000)]

Stack: [0x000070000992a000,0x0000700009a2a000],  sp=0x0000700009a29ac0,  free space=1022k
Native frames: (J=compiled Java code, A=aot compiled Java code, j=interpreted, Vv=VM code, C=native code)
C  [libsystem_platform.dylib+0x1712]  _platform_strlen+0x12
V  [libjvm.dylib+0x1f97ba]  ClassLoader::setup_boot_search_path(char const*)+0x20
V  [libjvm.dylib+0x1fc18b]  ClassLoader::initialize()+0x5d9
V  [libjvm.dylib+0x395e4c]  init_globals()+0x2d
V  [libjvm.dylib+0x71ebee]  Threads::create_vm(JavaVMInitArgs*, bool*)+0x28e
V  [libjvm.dylib+0x3fff6d]  JNI_CreateJavaVM+0x70
C  [java+0x4229]  JavaMain+0x119
C  [libsystem_pthread.dylib+0x32eb]  _pthread_body+0x7e
C  [libsystem_pthread.dylib+0x6249]  _pthread_start+0x42
C  [libsystem_pthread.dylib+0x240d]  thread_start+0xd


siginfo: si_signo: 11 (SIGSEGV), si_code: 1 (SEGV_MAPERR), si_addr: 0x0000000000000000

Registers:
RAX=0x000000010cd490d2, RBX=0x00007faa37001800, RCX=0x0000000000000000, RDX=0x0000000000000000
RSP=0x0000700009a29ac0, RBP=0x0000700009a29ac0, RSI=0x0000000000000000, RDI=0x0000000000000000
R8 =0x0000000000000000, R9 =0x0000000000000000, R10=0x0000000000000000, R11=0x0000000000000000
R12=0x00007faa37001800, R13=0x0000000000000000, R14=0x2d58fbe16b71005a, R15=0x0000700009a29e57
RIP=0x00007fff623c1712, EFLAGS=0x0000000000010246, ERR=0x0000000000000004
  TRAPNO=0x000000000000000e

Top of Stack: (sp=0x0000700009a29ac0)
0x0000700009a29ac0:   0000700009a29bf0 000000010c3f97ba
0x0000700009a29ad0:   0000700009a29b00 000000010c83f8d1
0x0000700009a29ae0:   0000000000000038 0000000000000008
0x0000700009a29af0:   0000000000000000 0000000000000040
0x0000700009a29b00:   0000700009a29b90 000000010c83dea5
0x0000700009a29b10:   0000000000000000 0000000000000000
0x0000700009a29b20:   0000000000000000 0000000000000000
0x0000700009a29b30:   0000003000000020 0000700009a29b60
0x0000700009a29b40:   0000700009a29b70 000000010c7e6a03
0x0000700009a29b50:   00007faa35600bd0 00007faa3550ef60
0x0000700009a29b60:   00007faa35601e10 00007faa35406350
0x0000700009a29b70:   0000700009a29bb0 000000010c83e349
0x0000700009a29b80:   00007faa3550ef60 00007faa3550ef60
0x0000700009a29b90:   0000000000000004 000000010c9aebac
0x0000700009a29ba0:   000000000000000b 2d58fbe16b71005a
0x0000700009a29bb0:   0000000000000000 00007faa37001800
0x0000700009a29bc0:   2d58fbe16b71005a 00007faa37001800
0x0000700009a29bd0:   00007faa37001800 0000000000000000
0x0000700009a29be0:   2d58fbe16b71005a 0000700009a29e57
0x0000700009a29bf0:   0000700009a29c20 000000010c3fc18b
0x0000700009a29c00:   00007faa37001800 00007faa37001800
0x0000700009a29c10:   00007faa37001800 2d58fbe16b71005a
0x0000700009a29c20:   0000700009a29c70 000000010c595e4c
0x0000700009a29c30:   00007faa37001800 00007faa35600b50
0x0000700009a29c40:   00007faa35600fd0 00007faa35600fe0
0x0000700009a29c50:   00007faa356010b8 00000000000000d8
0x0000700009a29c60:   00007faa356011b0 00007faa37001800
0x0000700009a29c70:   0000700009a29e00 000000010c91ebee
0x0000700009a29c80:   0000000000000000 0000000000000000
0x0000700009a29c90:   0000000000000000 0000000000000000
0x0000700009a29ca0:   0000000000000000 0000000000000000
0x0000700009a29cb0:   0000000000000000 0000000000000000 

Instructions: (pc=0x00007fff623c1712)
0x00007fff623c16f2:   90 90 90 90 90 90 90 90 90 90 90 90 90 90 55 48
0x00007fff623c1702:   89 e5 48 89 f9 48 89 fa 48 83 e7 f0 66 0f ef c0
0x00007fff623c1712:   66 0f 74 07 66 0f d7 f0 48 83 e1 0f 48 83 c8 ff
0x00007fff623c1722:   48 d3 e0 21 c6 74 17 0f bc c6 48 29 d7 48 01 f8 


---------------  P R O C E S S  ---------------

Threads class SMR info:
_java_thread_list=0x00007faa3550d150, length=0, elements={
}

Java Threads: ( => current thread )

Other Threads:

[error occurred during error reporting (printing all threads), id 0xb, SIGSEGV (0xb) at pc=0x000000010c91ff1b]

VM state:not at safepoint (not fully initialized)

VM Mutex/Monitor currently owned by a thread: None


[error occurred during error reporting (printing compressed oops mode), id 0xb, SIGSEGV (0xb) at pc=0x000000010c934ba8]

Deoptimization events (0 events):
No events

Classes redefined (0 events):
No events

Internal exceptions (0 events):
No events

Events (0 events):
No events


Dynamic libraries:
0x00007fff35549000 	/System/Library/Frameworks/Cocoa.framework/Versions/A/Cocoa
0x00007fff4122b000 	/System/Library/Frameworks/Security.framework/Versions/A/Security
0x00007fff341de000 	/System/Library/Frameworks/ApplicationServices.framework/Versions/A/ApplicationServices
0x00007fff61873000 	/usr/lib/libz.1.dylib
0x00007fff5efa3000 	/usr/lib/libSystem.B.dylib
0x00007fff35d31000 	/System/Library/Frameworks/CoreFoundation.framework/Versions/A/CoreFoundation
0x00007fff37fa5000 	/System/Library/Frameworks/Foundation.framework/Versions/C/Foundation
0x00007fff6099d000 	/usr/lib/libobjc.A.dylib
0x00007fff333d7000 	/System/Library/Frameworks/AppKit.framework/Versions/C/AppKit
0x00007fff358c4000 	/System/Library/Frameworks/CoreData.framework/Versions/A/CoreData
0x00007fff58af2000 	/System/Library/PrivateFrameworks/RemoteViewServices.framework/Versions/A/RemoteViewServices
0x00007fff5cce6000 	/System/Library/PrivateFrameworks/UIFoundation.framework/Versions/A/UIFoundation
0x00007fff5e3c8000 	/System/Library/PrivateFrameworks/XCTTargetBootstrap.framework/Versions/A/XCTTargetBootstrap
0x00007fff5392f000 	/System/Library/PrivateFrameworks/IconServices.framework/Versions/A/IconServices
0x00007fff3a8be000 	/System/Library/Frameworks/Metal.framework/Versions/A/Metal
0x00007fff4aeba000 	/System/Library/PrivateFrameworks/DesktopServicesPriv.framework/Versions/A/DesktopServicesPriv
0x00007fff5fd03000 	/usr/lib/libenergytrace.dylib
0x00007fff5b1d5000 	/System/Library/PrivateFrameworks/SkyLight.framework/Versions/A/SkyLight
0x00007fff36176000 	/System/Library/Frameworks/CoreGraphics.framework/Versions/A/CoreGraphics
0x00007fff321a3000 	/System/Library/Frameworks/Accelerate.framework/Versions/A/Accelerate
0x00007fff386eb000 	/System/Library/Frameworks/IOSurface.framework/Versions/A/IOSurface
0x00007fff4ad26000 	/System/Library/PrivateFrameworks/DFRFoundation.framework/Versions/A/DFRFoundation
0x00007fff346c1000 	/System/Library/Frameworks/AudioToolbox.framework/Versions/A/AudioToolbox
0x00007fff3493a000 	/System/Library/Frameworks/AudioUnit.framework/Versions/A/AudioUnit
0x00007fff4adbb000 	/System/Library/PrivateFrameworks/DataDetectorsCore.framework/Versions/A/DataDetectorsCore
0x00007fff3504d000 	/System/Library/Frameworks/Carbon.framework/Versions/A/Frameworks/HIToolbox.framework/Versions/A/HIToolbox
0x00007fff5fe5c000 	/usr/lib/libicucore.A.dylib
0x00007fff407a2000 	/System/Library/Frameworks/QuartzCore.framework/Versions/A/QuartzCore
0x00007fff35421000 	/System/Library/Frameworks/Carbon.framework/Versions/A/Frameworks/SpeechRecognition.framework/Versions/A/SpeechRecognition
0x00007fff5f0f7000 	/usr/lib/libauto.dylib
0x00007fff61767000 	/usr/lib/libxml2.2.dylib
0x00007fff4a906000 	/System/Library/PrivateFrameworks/CoreUI.framework/Versions/A/CoreUI
0x00007fff357af000 	/System/Library/Frameworks/CoreAudio.framework/Versions/A/CoreAudio
0x00007fff37de1000 	/System/Library/Frameworks/DiskArbitration.framework/Versions/A/DiskArbitration
0x00007fff60109000 	/usr/lib/liblangid.dylib
0x00007fff54d2e000 	/System/Library/PrivateFrameworks/MultitouchSupport.framework/Versions/A/MultitouchSupport
0x00007fff3865a000 	/System/Library/Frameworks/IOKit.framework/Versions/A/IOKit
0x00007fff5eb64000 	/usr/lib/libDiagnosticMessagesClient.dylib
0x00007fff36f82000 	/System/Library/Frameworks/CoreServices.framework/Versions/A/CoreServices
0x00007fff56904000 	/System/Library/PrivateFrameworks/PerformanceAnalysis.framework/Versions/A/PerformanceAnalysis
0x00007fff3f992000 	/System/Library/Frameworks/OpenGL.framework/Versions/A/OpenGL
0x00007fff35557000 	/System/Library/Frameworks/ColorSync.framework/Versions/A/ColorSync
0x00007fff36807000 	/System/Library/Frameworks/CoreImage.framework/Versions/A/CoreImage
0x00007fff3795b000 	/System/Library/Frameworks/CoreText.framework/Versions/A/CoreText
0x00007fff3874e000 	/System/Library/Frameworks/ImageIO.framework/Versions/A/ImageIO
0x00007fff46f64000 	/System/Library/PrivateFrameworks/Backup.framework/Versions/A/Backup
0x00007fff5f04a000 	/usr/lib/libarchive.2.dylib
0x00007fff34c92000 	/System/Library/Frameworks/CFNetwork.framework/Versions/A/CFNetwork
0x00007fff41984000 	/System/Library/Frameworks/SystemConfiguration.framework/Versions/A/SystemConfiguration
0x00007fff5ea95000 	/usr/lib/libCRFSuite.dylib
0x00007fff5f1e6000 	/usr/lib/libc++.1.dylib
0x00007fff5f23a000 	/usr/lib/libc++abi.dylib
0x00007fff62062000 	/usr/lib/system/libcache.dylib
0x00007fff62067000 	/usr/lib/system/libcommonCrypto.dylib
0x00007fff62072000 	/usr/lib/system/libcompiler_rt.dylib
0x00007fff6207a000 	/usr/lib/system/libcopyfile.dylib
0x00007fff62084000 	/usr/lib/system/libcorecrypto.dylib
0x00007fff6218f000 	/usr/lib/system/libdispatch.dylib
0x00007fff621c9000 	/usr/lib/system/libdyld.dylib
0x00007fff621f6000 	/usr/lib/system/libkeymgr.dylib
0x00007fff62204000 	/usr/lib/system/liblaunch.dylib
0x00007fff62205000 	/usr/lib/system/libmacho.dylib
0x00007fff6220b000 	/usr/lib/system/libquarantine.dylib
0x00007fff6220e000 	/usr/lib/system/libremovefile.dylib
0x00007fff62210000 	/usr/lib/system/libsystem_asl.dylib
0x00007fff62228000 	/usr/lib/system/libsystem_blocks.dylib
0x00007fff62229000 	/usr/lib/system/libsystem_c.dylib
0x00007fff622b1000 	/usr/lib/system/libsystem_configuration.dylib
0x00007fff622b5000 	/usr/lib/system/libsystem_coreservices.dylib
0x00007fff622b9000 	/usr/lib/system/libsystem_darwin.dylib
0x00007fff622c0000 	/usr/lib/system/libsystem_dnssd.dylib
0x00007fff622c7000 	/usr/lib/system/libsystem_info.dylib
0x00007fff6233c000 	/usr/lib/system/libsystem_m.dylib
0x00007fff62388000 	/usr/lib/system/libsystem_malloc.dylib
0x00007fff623ad000 	/usr/lib/system/libsystem_networkextension.dylib
0x00007fff623b8000 	/usr/lib/system/libsystem_notify.dylib
0x00007fff623d5000 	/usr/lib/system/libsystem_sandbox.dylib
0x00007fff623d9000 	/usr/lib/system/libsystem_secinit.dylib
0x00007fff62313000 	/usr/lib/system/libsystem_kernel.dylib
0x00007fff623c0000 	/usr/lib/system/libsystem_platform.dylib
0x00007fff623ca000 	/usr/lib/system/libsystem_pthread.dylib
0x00007fff623dc000 	/usr/lib/system/libsystem_symptoms.dylib
0x00007fff623e4000 	/usr/lib/system/libsystem_trace.dylib
0x00007fff623fb000 	/usr/lib/system/libunwind.dylib
0x00007fff62401000 	/usr/lib/system/libxpc.dylib
0x00007fff5f1c7000 	/usr/lib/libbsm.0.dylib
0x00007fff621f7000 	/usr/lib/system/libkxld.dylib
0x00007fff461aa000 	/System/Library/PrivateFrameworks/AppleFSCompression.framework/Versions/A/AppleFSCompression
0x00007fff5ee63000 	/usr/lib/libOpenScriptingUtil.dylib
0x00007fff5f4ef000 	/usr/lib/libcoretls.dylib
0x00007fff5f506000 	/usr/lib/libcoretls_cfhelpers.dylib
0x00007fff61134000 	/usr/lib/libpam.2.dylib
0x00007fff612f4000 	/usr/lib/libsqlite3.dylib
0x00007fff61755000 	/usr/lib/libxar.1.dylib
0x00007fff5f1d8000 	/usr/lib/libbz2.1.0.dylib
0x00007fff6010b000 	/usr/lib/liblzma.5.dylib
0x00007fff605bc000 	/usr/lib/libnetwork.dylib
0x00007fff5f033000 	/usr/lib/libapple_nghttp2.dylib
0x00007fff6113b000 	/usr/lib/libpcap.A.dylib
0x00007fff37321000 	/System/Library/Frameworks/CoreServices.framework/Versions/A/Frameworks/FSEvents.framework/Versions/A/FSEvents
0x00007fff37000000 	/System/Library/Frameworks/CoreServices.framework/Versions/A/Frameworks/CarbonCore.framework/Versions/A/CarbonCore
0x00007fff374dd000 	/System/Library/Frameworks/CoreServices.framework/Versions/A/Frameworks/Metadata.framework/Versions/A/Metadata
0x00007fff3757c000 	/System/Library/Frameworks/CoreServices.framework/Versions/A/Frameworks/OSServices.framework/Versions/A/OSServices
0x00007fff375c7000 	/System/Library/Frameworks/CoreServices.framework/Versions/A/Frameworks/SearchKit.framework/Versions/A/SearchKit
0x00007fff36f83000 	/System/Library/Frameworks/CoreServices.framework/Versions/A/Frameworks/AE.framework/Versions/A/AE
0x00007fff3732a000 	/System/Library/Frameworks/CoreServices.framework/Versions/A/Frameworks/LaunchServices.framework/Versions/A/LaunchServices
0x00007fff372d8000 	/System/Library/Frameworks/CoreServices.framework/Versions/A/Frameworks/DictionaryServices.framework/Versions/A/DictionaryServices
0x00007fff3762f000 	/System/Library/Frameworks/CoreServices.framework/Versions/A/Frameworks/SharedFileList.framework/Versions/A/SharedFileList
0x00007fff3b96d000 	/System/Library/Frameworks/NetFS.framework/Versions/A/NetFS
0x00007fff54f94000 	/System/Library/PrivateFrameworks/NetAuth.framework/Versions/A/NetAuth
0x00007fff5e7cc000 	/System/Library/PrivateFrameworks/login.framework/Versions/A/Frameworks/loginsupport.framework/Versions/A/loginsupport
0x00007fff5c8ef000 	/System/Library/PrivateFrameworks/TCC.framework/Versions/A/TCC
0x00007fff49f65000 	/System/Library/PrivateFrameworks/CoreNLP.framework/Versions/A/CoreNLP
0x00007fff54a2e000 	/System/Library/PrivateFrameworks/MetadataUtilities.framework/Versions/A/MetadataUtilities
0x00007fff601e0000 	/usr/lib/libmecabra.dylib
0x00007fff341df000 	/System/Library/Frameworks/ApplicationServices.framework/Versions/A/Frameworks/ATS.framework/Versions/A/ATS
0x00007fff3452e000 	/System/Library/Frameworks/ApplicationServices.framework/Versions/A/Frameworks/ColorSyncLegacy.framework/Versions/A/ColorSyncLegacy
0x00007fff345cd000 	/System/Library/Frameworks/ApplicationServices.framework/Versions/A/Frameworks/HIServices.framework/Versions/A/HIServices
0x00007fff34620000 	/System/Library/Frameworks/ApplicationServices.framework/Versions/A/Frameworks/LangAnalysis.framework/Versions/A/LangAnalysis
0x00007fff34630000 	/System/Library/Frameworks/ApplicationServices.framework/Versions/A/Frameworks/PrintCore.framework/Versions/A/PrintCore
0x00007fff3467a000 	/System/Library/Frameworks/ApplicationServices.framework/Versions/A/Frameworks/QD.framework/Versions/A/QD
0x00007fff346b4000 	/System/Library/Frameworks/ApplicationServices.framework/Versions/A/Frameworks/SpeechSynthesis.framework/Versions/A/SpeechSynthesis
0x00007fff5f262000 	/usr/lib/libcompression.dylib
0x00007fff35c49000 	/System/Library/Frameworks/CoreDisplay.framework/Versions/A/CoreDisplay
0x00007fff3ab75000 	/System/Library/Frameworks/MetalPerformanceShaders.framework/Versions/A/MetalPerformanceShaders
0x00007fff321bb000 	/System/Library/Frameworks/Accelerate.framework/Versions/A/Frameworks/vImage.framework/Versions/A/vImage
0x00007fff33235000 	/System/Library/Frameworks/Accelerate.framework/Versions/A/Frameworks/vecLib.framework/Versions/A/vecLib
0x00007fff33181000 	/System/Library/Frameworks/Accelerate.framework/Versions/A/Frameworks/vecLib.framework/Versions/A/libvMisc.dylib
0x00007fff32f99000 	/System/Library/Frameworks/Accelerate.framework/Versions/A/Frameworks/vecLib.framework/Versions/A/libvDSP.dylib
0x00007fff32855000 	/System/Library/Frameworks/Accelerate.framework/Versions/A/Frameworks/vecLib.framework/Versions/A/libBLAS.dylib
0x00007fff32b42000 	/System/Library/Frameworks/Accelerate.framework/Versions/A/Frameworks/vecLib.framework/Versions/A/libLAPACK.dylib
0x00007fff32eec000 	/System/Library/Frameworks/Accelerate.framework/Versions/A/Frameworks/vecLib.framework/Versions/A/libLinearAlgebra.dylib
0x00007fff32f85000 	/System/Library/Frameworks/Accelerate.framework/Versions/A/Frameworks/vecLib.framework/Versions/A/libSparseBLAS.dylib
0x00007fff32f02000 	/System/Library/Frameworks/Accelerate.framework/Versions/A/Frameworks/vecLib.framework/Versions/A/libQuadrature.dylib
0x00007fff32acf000 	/System/Library/Frameworks/Accelerate.framework/Versions/A/Frameworks/vecLib.framework/Versions/A/libBNNS.dylib
0x00007fff32f08000 	/System/Library/Frameworks/Accelerate.framework/Versions/A/Frameworks/vecLib.framework/Versions/A/libSparse.dylib
0x00007fff512a0000 	/System/Library/PrivateFrameworks/GPUWrangler.framework/Versions/A/GPUWrangler
0x00007fff53564000 	/System/Library/PrivateFrameworks/IOAccelerator.framework/Versions/A/IOAccelerator
0x00007fff5356f000 	/System/Library/PrivateFrameworks/IOPresentment.framework/Versions/A/IOPresentment
0x00007fff4ad36000 	/System/Library/PrivateFrameworks/DSExternalDisplay.framework/Versions/A/DSExternalDisplay
0x00007fff3ede9000 	/System/Library/Frameworks/OpenGL.framework/Versions/A/Libraries/libCoreFSCache.dylib
0x00007fff3a969000 	/System/Library/Frameworks/MetalPerformanceShaders.framework/Frameworks/MPSCore.framework/Versions/A/MPSCore
0x00007fff3a989000 	/System/Library/Frameworks/MetalPerformanceShaders.framework/Frameworks/MPSImage.framework/Versions/A/MPSImage
0x00007fff3aa2e000 	/System/Library/Frameworks/MetalPerformanceShaders.framework/Frameworks/MPSNeuralNetwork.framework/Versions/A/MPSNeuralNetwork
0x00007fff3aa06000 	/System/Library/Frameworks/MetalPerformanceShaders.framework/Frameworks/MPSMatrix.framework/Versions/A/MPSMatrix
0x00007fff3ab5a000 	/System/Library/Frameworks/MetalPerformanceShaders.framework/Frameworks/MPSRayIntersector.framework/Versions/A/MPSRayIntersector
0x00007fff54a57000 	/System/Library/PrivateFrameworks/MetalTools.framework/Versions/A/MetalTools
0x00007fff458ab000 	/System/Library/PrivateFrameworks/AggregateDictionary.framework/Versions/A/AggregateDictionary
0x00007fff5ee44000 	/usr/lib/libMobileGestalt.dylib
0x00007fff37abe000 	/System/Library/Frameworks/CoreVideo.framework/Versions/A/CoreVideo
0x00007fff520aa000 	/System/Library/PrivateFrameworks/GraphVisualizer.framework/Versions/A/GraphVisualizer
0x00007fff4bf30000 	/System/Library/PrivateFrameworks/FaceCore.framework/Versions/A/FaceCore
0x00007fff3e417000 	/System/Library/Frameworks/OpenCL.framework/Versions/A/OpenCL
0x00007fff5eb9c000 	/usr/lib/libFosl_dynamic.dylib
0x00007fff557ff000 	/System/Library/PrivateFrameworks/OTSVG.framework/Versions/A/OTSVG
0x00007fff342e3000 	/System/Library/Frameworks/ApplicationServices.framework/Versions/A/Frameworks/ATS.framework/Versions/A/Resources/libFontParser.dylib
0x00007fff343fb000 	/System/Library/Frameworks/ApplicationServices.framework/Versions/A/Frameworks/ATS.framework/Versions/A/Resources/libFontRegistry.dylib
0x00007fff389bc000 	/System/Library/Frameworks/ImageIO.framework/Versions/A/Resources/libJPEG.dylib
0x00007fff38cce000 	/System/Library/Frameworks/ImageIO.framework/Versions/A/Resources/libTIFF.dylib
0x00007fff38ca4000 	/System/Library/Frameworks/ImageIO.framework/Versions/A/Resources/libPng.dylib
0x00007fff388da000 	/System/Library/Frameworks/ImageIO.framework/Versions/A/Resources/libGIF.dylib
0x00007fff388df000 	/System/Library/Frameworks/ImageIO.framework/Versions/A/Resources/libJP2.dylib
0x00007fff38ccb000 	/System/Library/Frameworks/ImageIO.framework/Versions/A/Resources/libRadiance.dylib
0x00007fff462ff000 	/System/Library/PrivateFrameworks/AppleJPEG.framework/Versions/A/AppleJPEG
0x00007fff3edf4000 	/System/Library/Frameworks/OpenGL.framework/Versions/A/Libraries/libGFXShared.dylib
0x00007fff3efb7000 	/System/Library/Frameworks/OpenGL.framework/Versions/A/Libraries/libGLU.dylib
0x00007fff3edfd000 	/System/Library/Frameworks/OpenGL.framework/Versions/A/Libraries/libGL.dylib
0x00007fff3ee09000 	/System/Library/Frameworks/OpenGL.framework/Versions/A/Libraries/libGLImage.dylib
0x00007fff3ede6000 	/System/Library/Frameworks/OpenGL.framework/Versions/A/Libraries/libCVMSPluginSupport.dylib
0x00007fff3edef000 	/System/Library/Frameworks/OpenGL.framework/Versions/A/Libraries/libCoreVMClient.dylib
0x00007fff5fb79000 	/usr/lib/libcups.2.dylib
0x00007fff39e91000 	/System/Library/Frameworks/Kerberos.framework/Versions/A/Kerberos
0x00007fff383c1000 	/System/Library/Frameworks/GSS.framework/Versions/A/GSS
0x00007fff61289000 	/usr/lib/libresolv.9.dylib
0x00007fff5fd6b000 	/usr/lib/libiconv.2.dylib
0x00007fff52206000 	/System/Library/PrivateFrameworks/Heimdal.framework/Versions/A/Heimdal
0x00007fff5fd3b000 	/usr/lib/libheimdal-asn1.dylib
0x00007fff3e48b000 	/System/Library/Frameworks/OpenDirectory.framework/Versions/A/OpenDirectory
0x00007fff48ccc000 	/System/Library/PrivateFrameworks/CommonAuth.framework/Versions/A/CommonAuth
0x00007fff3e46f000 	/System/Library/Frameworks/OpenDirectory.framework/Versions/A/Frameworks/CFOpenDirectory.framework/Versions/A/CFOpenDirectory
0x00007fff4152a000 	/System/Library/Frameworks/SecurityFoundation.framework/Versions/A/SecurityFoundation
0x00007fff44e06000 	/System/Library/PrivateFrameworks/APFS.framework/Versions/A/APFS
0x00007fff61751000 	/usr/lib/libutil.dylib
0x00007fff5f250000 	/usr/lib/libcharset.1.dylib
0x00007fff4659c000 	/System/Library/PrivateFrameworks/AppleSauce.framework/Versions/A/AppleSauce
0x00007fff4671d000 	/System/Library/PrivateFrameworks/AssertionServices.framework/Versions/A/AssertionServices
0x00007fff46ffa000 	/System/Library/PrivateFrameworks/BaseBoard.framework/Versions/A/BaseBoard
0x00007fff6013b000 	/usr/lib/libmecab.1.0.0.dylib
0x00007fff5fd35000 	/usr/lib/libgermantok.dylib
0x00007fff5f020000 	/usr/lib/libThaiTokenizer.dylib
0x00007fff5eacc000 	/usr/lib/libChineseTokenizer.dylib
0x00007fff53c1b000 	/System/Library/PrivateFrameworks/LanguageModeling.framework/Versions/A/LanguageModeling
0x00007fff499ab000 	/System/Library/PrivateFrameworks/CoreEmoji.framework/Versions/A/CoreEmoji
0x00007fff53cf7000 	/System/Library/PrivateFrameworks/Lexicon.framework/Versions/A/Lexicon
0x00007fff53d3a000 	/System/Library/PrivateFrameworks/LinguisticData.framework/Versions/A/LinguisticData
0x00007fff5f251000 	/usr/lib/libcmph.dylib
0x00007fff415e8000 	/System/Library/Frameworks/ServiceManagement.framework/Versions/A/ServiceManagement
0x00007fff46f5b000 	/System/Library/PrivateFrameworks/BackgroundTaskManagement.framework/Versions/A/BackgroundTaskManagement
0x00007fff6184a000 	/usr/lib/libxslt.1.dylib
0x00007fff3534e000 	/System/Library/Frameworks/Carbon.framework/Versions/A/Frameworks/Ink.framework/Versions/A/Ink
0x00007fff5cb61000 	/System/Library/PrivateFrameworks/TextureIO.framework/Versions/A/TextureIO
0x00007fff5f074000 	/usr/lib/libate.dylib
0x00007fff4ac86000 	/System/Library/PrivateFrameworks/CrashReporterSupport.framework/Versions/A/CrashReporterSupport
0x00007fff5a313000 	/System/Library/PrivateFrameworks/Sharing.framework/Versions/A/Sharing
0x00007fff46afc000 	/System/Library/PrivateFrameworks/AuthKit.framework/Versions/A/AuthKit
0x00007fff45ea6000 	/System/Library/PrivateFrameworks/Apple80211.framework/Versions/A/Apple80211
0x00007fff4aa32000 	/System/Library/PrivateFrameworks/CoreUtils.framework/Versions/A/CoreUtils
0x00007fff37afc000 	/System/Library/Frameworks/CoreWLAN.framework/Versions/A/CoreWLAN
0x00007fff384f0000 	/System/Library/Frameworks/IOBluetooth.framework/Versions/A/IOBluetooth
0x00007fff587a3000 	/System/Library/PrivateFrameworks/ProtocolBuffer.framework/Versions/A/ProtocolBuffer
0x00007fff54c8c000 	/System/Library/PrivateFrameworks/MobileKeyBag.framework/Versions/A/MobileKeyBag
0x00007fff4a278000 	/System/Library/PrivateFrameworks/CorePhoneNumbers.framework/Versions/A/CorePhoneNumbers
0x00007fff462b3000 	/System/Library/PrivateFrameworks/AppleIDAuthSupport.framework/Versions/A/AppleIDAuthSupport
0x00007fff53bee000 	/System/Library/PrivateFrameworks/KeychainCircle.framework/Versions/A/KeychainCircle
0x00007fff58959000 	/System/Library/PrivateFrameworks/ROCKit.framework/Versions/A/ROCKit
0x00007fff4ac22000 	/System/Library/PrivateFrameworks/CoreWiFi.framework/Versions/A/CoreWiFi
0x00007fff35899000 	/System/Library/Frameworks/CoreBluetooth.framework/Versions/A/CoreBluetooth
0x00007fff4ae7c000 	/System/Library/PrivateFrameworks/DebugSymbols.framework/Versions/A/DebugSymbols
0x00007fff4a7f3000 	/System/Library/PrivateFrameworks/CoreSymbolication.framework/Versions/A/CoreSymbolication
0x00007fff5c37d000 	/System/Library/PrivateFrameworks/Symbolication.framework/Versions/A/Symbolication
0x00007fff5bc20000 	/System/Library/PrivateFrameworks/SpeechRecognitionCore.framework/Versions/A/SpeechRecognitionCore
0x00007fff2a7e0000 	/System/Library/CoreServices/Encodings/libSimplifiedChineseConverter.dylib
0x000000010c200000 	/Users/yuzhipeng/Desktop/sonar-scanner-4.0.0.1744-macosx/jre/lib/server/libjvm.dylib
0x00007fff61622000 	/usr/lib/libstdc++.6.dylib
0x000000010b9c7000 	/Users/yuzhipeng/Desktop/sonar-scanner-4.0.0.1744-macosx/jre/lib/libverify.dylib
0x000000010d147000 	/Users/yuzhipeng/Desktop/sonar-scanner-4.0.0.1744-macosx/jre/lib/libjava.dylib
0x000000010b9f4000 	/Users/yuzhipeng/Desktop/sonar-scanner-4.0.0.1744-macosx/jre/lib/libzip.dylib
0x000000010d1b5000 	/Users/yuzhipeng/Desktop/sonar-scanner-4.0.0.1744-macosx/jre/lib/libjimage.dylib


VM Arguments:
jvm_args: -Djava.awt.headless=true -Dscanner.home=/Users/yuzhipeng/Desktop/sonar-scanner-4.0.0.1744-macosx -Dproject.home=/Users/yuzhipeng/go/src/Algorithm-Datastruct 
java_command: org.sonarsource.scanner.cli.Main -Dsonar.projectKey=algorithm -Dsonar.sources=.
java_class_path (initial): /Users/yuzhipeng/Desktop/sonar-scanner-4.0.0.1744-macosx/lib/sonar-scanner-cli-4.0.0.1744.jar
Launcher Type: SUN_STANDARD

[Global flags]
     uint G1ConcRefinementThreads                  = 4                                         {product} {ergonomic}
    uintx GCDrainStackTargetSize                   = 64                                        {product} {ergonomic}
   size_t InitialHeapSize                          = 134217728                                 {product} {ergonomic}
   size_t MaxHeapSize                              = 2147483648                                {product} {ergonomic}
    uintx ReservedCodeCacheSize                    = 251658240                              {pd product} {ergonomic}
     bool SegmentedCodeCache                       = true                                      {product} {ergonomic}
     bool UseCompressedClassPointers               = true                                 {lp64_product} {ergonomic}
     bool UseCompressedOops                        = true                                 {lp64_product} {ergonomic}
     bool UseG1GC                                  = true                                      {product} {ergonomic}

Logging:
Log output configuration:
 #0: stdout all=warning uptime,level,tags
 #1: stderr all=off uptime,level,tags

Environment Variables:
JAVA_HOME=/Users/yuzhipeng/Desktop/sonar-scanner-4.0.0.1744-macosx/jre
PATH=/usr/local/Cellar/go/1.12.4/libexec/bin:/usr/local/opt/coreutils/libexec/gnubin:/Users/yuzhipeng/.rvm/gems/ruby-2.3.0/bin:/Users/yuzhipeng/.rvm/gems/ruby-2.3.0@global/bin:/Users/yuzhipeng/.rvm/rubies/ruby-2.3.0/bin:/usr/local/bin:/usr/bin:/bin:/usr/sbin:/sbin:/Library/TeX/texbin:/usr/local/go/bin:/Users/yuzhipeng/apache-maven-3.5.4/bin:/Users/yuzhipeng/apache-ant-1.10.5/bin:/Users/yuzhipeng/go/bin:/usr/local/bin:/Users/yuzhipeng/Desktop/sonar-scanner-4.0.0.1744-macosx/bin:/Users/yuzhipeng/.rvm/bin:/Users/yuzhipeng/go/bin
SHELL=/bin/zsh

Signal Handlers:
SIGSEGV: [libjvm.dylib+0x770f12], sa_mask[0]=11111111011111110111111111111111, sa_flags=SA_ONSTACK|SA_RESTART|SA_SIGINFO
SIGBUS: [libjvm.dylib+0x770f12], sa_mask[0]=11111111011111110111111111111111, sa_flags=SA_RESTART|SA_SIGINFO
SIGFPE: [libjvm.dylib+0x770f12], sa_mask[0]=11111111011111110111111111111111, sa_flags=SA_RESTART|SA_SIGINFO
SIGPIPE: [libjvm.dylib+0x60ddbe], sa_mask[0]=11111111011111110111111111111111, sa_flags=SA_RESTART|SA_SIGINFO
SIGXFSZ: [libjvm.dylib+0x60ddbe], sa_mask[0]=11111111011111110111111111111111, sa_flags=SA_RESTART|SA_SIGINFO
SIGILL: [libjvm.dylib+0x770f12], sa_mask[0]=11111111011111110111111111111111, sa_flags=SA_RESTART|SA_SIGINFO
SIGUSR2: [libjvm.dylib+0x60e3ae], sa_mask[0]=00000000000000000000000000000000, sa_flags=SA_RESTART|SA_SIGINFO
SIGHUP: SIG_DFL, sa_mask[0]=00000000000000000000000000000000, sa_flags=none
SIGINT: SIG_DFL, sa_mask[0]=00000000000000000000000000000000, sa_flags=none
SIGTERM: SIG_DFL, sa_mask[0]=00000000000000000000000000000000, sa_flags=none
SIGQUIT: SIG_DFL, sa_mask[0]=00000000000000000000000000000000, sa_flags=none


---------------  S Y S T E M  ---------------

OS:uname:Darwin 18.5.0 Darwin Kernel Version 18.5.0: Mon Mar 11 20:40:32 PDT 2019; root:xnu-4903.251.3~3/RELEASE_X86_64 x86_64
rlimit: STACK 65532k, CORE 0k, NPROC 709, NOFILE 10240, AS infinity, DATA infinity, FSIZE infinity
load average:9.44 3.70 2.42

CPU:total 4 (initial active 4) 

Memory: 4k page, physical 8388608k(1714452k free)

vm_info: OpenJDK 64-Bit Server VM (11.0.3+7) for bsd-amd64 JRE (11.0.3+7), built on Apr 18 2019 04:31:22 by "jenkins" with gcc 4.2.1 Compatible Apple LLVM 7.0.2 (clang-700.1.81)

END.
