#
# A fatal error has been detected by the Java Runtime Environment:
#
#  SIGSEGV (0xb) at pc=0x00007fff7c5bb712, pid=42804, tid=8963
#
# JRE version:  (11.0.3+7) (build )
# Java VM: OpenJDK 64-Bit Server VM (11.0.3+7, mixed mode, aot, sharing, tiered, compressed oops, g1 gc, bsd-amd64)
# Problematic frame:
# C  [libsystem_platform.dylib+0x1712]  _platform_strlen+0x12
#
# No core dump will be written. Core dumps have been disabled. To enable core dumping, try "ulimit -c unlimited" before starting Java again
#
# If you would like to submit a bug report, please visit:
#   https://github.com/AdoptOpenJDK/openjdk-build/issues
#

---------------  S U M M A R Y ------------

Command Line: -Djava.awt.headless=true -Dscanner.home=/Users/yuzhipeng/Desktop/sonar-scanner-4.0.0.1744-macosx -Dproject.home=/Users/yuzhipeng/go/src/Algorithm-Datastruct org.sonarsource.scanner.cli.Main -Dsonar.projectKey=algorithm -Dsonar.sources=.

Host: MacBookPro12,1 x86_64 2700 MHz, 4 cores, 8G, Darwin 18.5.0
Time: Wed Sep 25 09:16:49 2019 CST elapsed time: 0 seconds (0d 0h 0m 0s)

---------------  T H R E A D  ---------------

Current thread (0x00007fa0df80d000):  JavaThread "Unknown thread" [_thread_in_vm, id=8963, stack(0x0000700000cd5000,0x0000700000dd5000)]

Stack: [0x0000700000cd5000,0x0000700000dd5000],  sp=0x0000700000dd4ac0,  free space=1022k
Native frames: (J=compiled Java code, A=aot compiled Java code, j=interpreted, Vv=VM code, C=native code)
C  [libsystem_platform.dylib+0x1712]  _platform_strlen+0x12
V  [libjvm.dylib+0x1f97ba]  ClassLoader::setup_boot_search_path(char const*)+0x20
V  [libjvm.dylib+0x1fc18b]  ClassLoader::initialize()+0x5d9
V  [libjvm.dylib+0x395e4c]  init_globals()+0x2d
V  [libjvm.dylib+0x71ebee]  Threads::create_vm(JavaVMInitArgs*, bool*)+0x28e
V  [libjvm.dylib+0x3fff6d]  JNI_CreateJavaVM+0x70
C  [java+0x4229]  JavaMain+0x119
C  [libsystem_pthread.dylib+0x32eb]  _pthread_body+0x7e
C  [libsystem_pthread.dylib+0x6249]  _pthread_start+0x42
C  [libsystem_pthread.dylib+0x240d]  thread_start+0xd


siginfo: si_signo: 11 (SIGSEGV), si_code: 1 (SEGV_MAPERR), si_addr: 0x0000000000000000

Registers:
RAX=0x000000010d3490d2, RBX=0x00007fa0df80d000, RCX=0x0000000000000000, RDX=0x0000000000000000
RSP=0x0000700000dd4ac0, RBP=0x0000700000dd4ac0, RSI=0x0000000000000000, RDI=0x0000000000000000
R8 =0x0000000000000000, R9 =0x0000000000000000, R10=0x0000000000000000, R11=0x0000000000000000
R12=0x00007fa0df80d000, R13=0x0000000000000000, R14=0x8884a8572b1b0081, R15=0x0000700000dd4e57
RIP=0x00007fff7c5bb712, EFLAGS=0x0000000000010246, ERR=0x0000000000000004
  TRAPNO=0x000000000000000e

Top of Stack: (sp=0x0000700000dd4ac0)
0x0000700000dd4ac0:   0000700000dd4bf0 000000010c9f97ba
0x0000700000dd4ad0:   0000700000dd4b00 000000010ce3f8d1
0x0000700000dd4ae0:   0000000000000038 0000000000000008
0x0000700000dd4af0:   0000000000000000 0000000000000040
0x0000700000dd4b00:   0000700000dd4b90 000000010ce3dea5
0x0000700000dd4b10:   0000000000000000 0000000000000000
0x0000700000dd4b20:   0000000000000000 0000000000000000
0x0000700000dd4b30:   0000003000000020 0000700000dd4b60
0x0000700000dd4b40:   0000700000dd4b70 000000010cde6a03
0x0000700000dd4b50:   00007fa0df419870 00007fa0df41c460
0x0000700000dd4b60:   00007fa0df419160 00007fa0df417690
0x0000700000dd4b70:   0000700000dd4bb0 000000010ce3e349
0x0000700000dd4b80:   00007fa0df41c460 00007fa0df41c460
0x0000700000dd4b90:   0000000000000004 000000010cfaebac
0x0000700000dd4ba0:   000000000000000b 8884a8572b1b0081
0x0000700000dd4bb0:   0000000000000000 00007fa0df80d000
0x0000700000dd4bc0:   8884a8572b1b0081 00007fa0df80d000
0x0000700000dd4bd0:   00007fa0df80d000 0000000000000000
0x0000700000dd4be0:   8884a8572b1b0081 0000700000dd4e57
0x0000700000dd4bf0:   0000700000dd4c20 000000010c9fc18b
0x0000700000dd4c00:   00007fa0df80d000 00007fa0df80d000
0x0000700000dd4c10:   00007fa0df80d000 8884a8572b1b0081
0x0000700000dd4c20:   0000700000dd4c70 000000010cb95e4c
0x0000700000dd4c30:   00007fa0df80d000 00007fa0df4192a0
0x0000700000dd4c40:   00007fa0df4192e0 00007fa0df4192f0
0x0000700000dd4c50:   00007fa0df4193c8 00000000000000d8
0x0000700000dd4c60:   00007fa0df4193d0 00007fa0df80d000
0x0000700000dd4c70:   0000700000dd4e00 000000010cf1ebee
0x0000700000dd4c80:   0000000000000000 0000000000000000
0x0000700000dd4c90:   0000000000000000 0000000000000000
0x0000700000dd4ca0:   0000000000000000 0000000000000000
0x0000700000dd4cb0:   0000000000000000 0000000000000000 

Instructions: (pc=0x00007fff7c5bb712)
0x00007fff7c5bb6f2:   90 90 90 90 90 90 90 90 90 90 90 90 90 90 55 48
0x00007fff7c5bb702:   89 e5 48 89 f9 48 89 fa 48 83 e7 f0 66 0f ef c0
0x00007fff7c5bb712:   66 0f 74 07 66 0f d7 f0 48 83 e1 0f 48 83 c8 ff
0x00007fff7c5bb722:   48 d3 e0 21 c6 74 17 0f bc c6 48 29 d7 48 01 f8 


---------------  P R O C E S S  ---------------

Threads class SMR info:
_java_thread_list=0x00007fa0df4101c0, length=0, elements={
}

Java Threads: ( => current thread )

Other Threads:

[error occurred during error reporting (printing all threads), id 0xb, SIGSEGV (0xb) at pc=0x000000010cf1ff1b]

VM state:not at safepoint (not fully initialized)

VM Mutex/Monitor currently owned by a thread: None


[error occurred during error reporting (printing compressed oops mode), id 0xb, SIGSEGV (0xb) at pc=0x000000010cf34ba8]

Deoptimization events (0 events):
No events

Classes redefined (0 events):
No events

Internal exceptions (0 events):
No events

Events (0 events):
No events


Dynamic libraries:
0x00007fff4f743000 	/System/Library/Frameworks/Cocoa.framework/Versions/A/Cocoa
0x00007fff5b425000 	/System/Library/Frameworks/Security.framework/Versions/A/Security
0x00007fff4e3d8000 	/System/Library/Frameworks/ApplicationServices.framework/Versions/A/ApplicationServices
0x00007fff7ba6d000 	/usr/lib/libz.1.dylib
0x00007fff7919d000 	/usr/lib/libSystem.B.dylib
0x00007fff4ff2b000 	/System/Library/Frameworks/CoreFoundation.framework/Versions/A/CoreFoundation
0x00007fff5219f000 	/System/Library/Frameworks/Foundation.framework/Versions/C/Foundation
0x00007fff7ab97000 	/usr/lib/libobjc.A.dylib
0x00007fff4d5d1000 	/System/Library/Frameworks/AppKit.framework/Versions/C/AppKit
0x00007fff4fabe000 	/System/Library/Frameworks/CoreData.framework/Versions/A/CoreData
0x00007fff72cec000 	/System/Library/PrivateFrameworks/RemoteViewServices.framework/Versions/A/RemoteViewServices
0x00007fff76ee0000 	/System/Library/PrivateFrameworks/UIFoundation.framework/Versions/A/UIFoundation
0x00007fff785c2000 	/System/Library/PrivateFrameworks/XCTTargetBootstrap.framework/Versions/A/XCTTargetBootstrap
0x00007fff6db29000 	/System/Library/PrivateFrameworks/IconServices.framework/Versions/A/IconServices
0x00007fff54ab8000 	/System/Library/Frameworks/Metal.framework/Versions/A/Metal
0x00007fff650b4000 	/System/Library/PrivateFrameworks/DesktopServicesPriv.framework/Versions/A/DesktopServicesPriv
0x00007fff79efd000 	/usr/lib/libenergytrace.dylib
0x00007fff753cf000 	/System/Library/PrivateFrameworks/SkyLight.framework/Versions/A/SkyLight
0x00007fff50370000 	/System/Library/Frameworks/CoreGraphics.framework/Versions/A/CoreGraphics
0x00007fff4c39d000 	/System/Library/Frameworks/Accelerate.framework/Versions/A/Accelerate
0x00007fff528e5000 	/System/Library/Frameworks/IOSurface.framework/Versions/A/IOSurface
0x00007fff64f20000 	/System/Library/PrivateFrameworks/DFRFoundation.framework/Versions/A/DFRFoundation
0x00007fff4e8bb000 	/System/Library/Frameworks/AudioToolbox.framework/Versions/A/AudioToolbox
0x00007fff4eb34000 	/System/Library/Frameworks/AudioUnit.framework/Versions/A/AudioUnit
0x00007fff64fb5000 	/System/Library/PrivateFrameworks/DataDetectorsCore.framework/Versions/A/DataDetectorsCore
0x00007fff4f247000 	/System/Library/Frameworks/Carbon.framework/Versions/A/Frameworks/HIToolbox.framework/Versions/A/HIToolbox
0x00007fff7a056000 	/usr/lib/libicucore.A.dylib
0x00007fff5a99c000 	/System/Library/Frameworks/QuartzCore.framework/Versions/A/QuartzCore
0x00007fff4f61b000 	/System/Library/Frameworks/Carbon.framework/Versions/A/Frameworks/SpeechRecognition.framework/Versions/A/SpeechRecognition
0x00007fff792f1000 	/usr/lib/libauto.dylib
0x00007fff7b961000 	/usr/lib/libxml2.2.dylib
0x00007fff64b00000 	/System/Library/PrivateFrameworks/CoreUI.framework/Versions/A/CoreUI
0x00007fff4f9a9000 	/System/Library/Frameworks/CoreAudio.framework/Versions/A/CoreAudio
0x00007fff51fdb000 	/System/Library/Frameworks/DiskArbitration.framework/Versions/A/DiskArbitration
0x00007fff7a303000 	/usr/lib/liblangid.dylib
0x00007fff6ef28000 	/System/Library/PrivateFrameworks/MultitouchSupport.framework/Versions/A/MultitouchSupport
0x00007fff52854000 	/System/Library/Frameworks/IOKit.framework/Versions/A/IOKit
0x00007fff78d5e000 	/usr/lib/libDiagnosticMessagesClient.dylib
0x00007fff5117c000 	/System/Library/Frameworks/CoreServices.framework/Versions/A/CoreServices
0x00007fff70afe000 	/System/Library/PrivateFrameworks/PerformanceAnalysis.framework/Versions/A/PerformanceAnalysis
0x00007fff59b8c000 	/System/Library/Frameworks/OpenGL.framework/Versions/A/OpenGL
0x00007fff4f751000 	/System/Library/Frameworks/ColorSync.framework/Versions/A/ColorSync
0x00007fff50a01000 	/System/Library/Frameworks/CoreImage.framework/Versions/A/CoreImage
0x00007fff51b55000 	/System/Library/Frameworks/CoreText.framework/Versions/A/CoreText
0x00007fff52948000 	/System/Library/Frameworks/ImageIO.framework/Versions/A/ImageIO
0x00007fff6115e000 	/System/Library/PrivateFrameworks/Backup.framework/Versions/A/Backup
0x00007fff79244000 	/usr/lib/libarchive.2.dylib
0x00007fff4ee8c000 	/System/Library/Frameworks/CFNetwork.framework/Versions/A/CFNetwork
0x00007fff5bb7e000 	/System/Library/Frameworks/SystemConfiguration.framework/Versions/A/SystemConfiguration
0x00007fff78c8f000 	/usr/lib/libCRFSuite.dylib
0x00007fff793e0000 	/usr/lib/libc++.1.dylib
0x00007fff79434000 	/usr/lib/libc++abi.dylib
0x00007fff7c25c000 	/usr/lib/system/libcache.dylib
0x00007fff7c261000 	/usr/lib/system/libcommonCrypto.dylib
0x00007fff7c26c000 	/usr/lib/system/libcompiler_rt.dylib
0x00007fff7c274000 	/usr/lib/system/libcopyfile.dylib
0x00007fff7c27e000 	/usr/lib/system/libcorecrypto.dylib
0x00007fff7c389000 	/usr/lib/system/libdispatch.dylib
0x00007fff7c3c3000 	/usr/lib/system/libdyld.dylib
0x00007fff7c3f0000 	/usr/lib/system/libkeymgr.dylib
0x00007fff7c3fe000 	/usr/lib/system/liblaunch.dylib
0x00007fff7c3ff000 	/usr/lib/system/libmacho.dylib
0x00007fff7c405000 	/usr/lib/system/libquarantine.dylib
0x00007fff7c408000 	/usr/lib/system/libremovefile.dylib
0x00007fff7c40a000 	/usr/lib/system/libsystem_asl.dylib
0x00007fff7c422000 	/usr/lib/system/libsystem_blocks.dylib
0x00007fff7c423000 	/usr/lib/system/libsystem_c.dylib
0x00007fff7c4ab000 	/usr/lib/system/libsystem_configuration.dylib
0x00007fff7c4af000 	/usr/lib/system/libsystem_coreservices.dylib
0x00007fff7c4b3000 	/usr/lib/system/libsystem_darwin.dylib
0x00007fff7c4ba000 	/usr/lib/system/libsystem_dnssd.dylib
0x00007fff7c4c1000 	/usr/lib/system/libsystem_info.dylib
0x00007fff7c536000 	/usr/lib/system/libsystem_m.dylib
0x00007fff7c582000 	/usr/lib/system/libsystem_malloc.dylib
0x00007fff7c5a7000 	/usr/lib/system/libsystem_networkextension.dylib
0x00007fff7c5b2000 	/usr/lib/system/libsystem_notify.dylib
0x00007fff7c5cf000 	/usr/lib/system/libsystem_sandbox.dylib
0x00007fff7c5d3000 	/usr/lib/system/libsystem_secinit.dylib
0x00007fff7c50d000 	/usr/lib/system/libsystem_kernel.dylib
0x00007fff7c5ba000 	/usr/lib/system/libsystem_platform.dylib
0x00007fff7c5c4000 	/usr/lib/system/libsystem_pthread.dylib
0x00007fff7c5d6000 	/usr/lib/system/libsystem_symptoms.dylib
0x00007fff7c5de000 	/usr/lib/system/libsystem_trace.dylib
0x00007fff7c5f5000 	/usr/lib/system/libunwind.dylib
0x00007fff7c5fb000 	/usr/lib/system/libxpc.dylib
0x00007fff793c1000 	/usr/lib/libbsm.0.dylib
0x00007fff7c3f1000 	/usr/lib/system/libkxld.dylib
0x00007fff603a4000 	/System/Library/PrivateFrameworks/AppleFSCompression.framework/Versions/A/AppleFSCompression
0x00007fff7905d000 	/usr/lib/libOpenScriptingUtil.dylib
0x00007fff796e9000 	/usr/lib/libcoretls.dylib
0x00007fff79700000 	/usr/lib/libcoretls_cfhelpers.dylib
0x00007fff7b32e000 	/usr/lib/libpam.2.dylib
0x00007fff7b4ee000 	/usr/lib/libsqlite3.dylib
0x00007fff7b94f000 	/usr/lib/libxar.1.dylib
0x00007fff793d2000 	/usr/lib/libbz2.1.0.dylib
0x00007fff7a305000 	/usr/lib/liblzma.5.dylib
0x00007fff7a7b6000 	/usr/lib/libnetwork.dylib
0x00007fff7922d000 	/usr/lib/libapple_nghttp2.dylib
0x00007fff7b335000 	/usr/lib/libpcap.A.dylib
0x00007fff5151b000 	/System/Library/Frameworks/CoreServices.framework/Versions/A/Frameworks/FSEvents.framework/Versions/A/FSEvents
0x00007fff511fa000 	/System/Library/Frameworks/CoreServices.framework/Versions/A/Frameworks/CarbonCore.framework/Versions/A/CarbonCore
0x00007fff516d7000 	/System/Library/Frameworks/CoreServices.framework/Versions/A/Frameworks/Metadata.framework/Versions/A/Metadata
0x00007fff51776000 	/System/Library/Frameworks/CoreServices.framework/Versions/A/Frameworks/OSServices.framework/Versions/A/OSServices
0x00007fff517c1000 	/System/Library/Frameworks/CoreServices.framework/Versions/A/Frameworks/SearchKit.framework/Versions/A/SearchKit
0x00007fff5117d000 	/System/Library/Frameworks/CoreServices.framework/Versions/A/Frameworks/AE.framework/Versions/A/AE
0x00007fff51524000 	/System/Library/Frameworks/CoreServices.framework/Versions/A/Frameworks/LaunchServices.framework/Versions/A/LaunchServices
0x00007fff514d2000 	/System/Library/Frameworks/CoreServices.framework/Versions/A/Frameworks/DictionaryServices.framework/Versions/A/DictionaryServices
0x00007fff51829000 	/System/Library/Frameworks/CoreServices.framework/Versions/A/Frameworks/SharedFileList.framework/Versions/A/SharedFileList
0x00007fff55b67000 	/System/Library/Frameworks/NetFS.framework/Versions/A/NetFS
0x00007fff6f18e000 	/System/Library/PrivateFrameworks/NetAuth.framework/Versions/A/NetAuth
0x00007fff789c6000 	/System/Library/PrivateFrameworks/login.framework/Versions/A/Frameworks/loginsupport.framework/Versions/A/loginsupport
0x00007fff76ae9000 	/System/Library/PrivateFrameworks/TCC.framework/Versions/A/TCC
0x00007fff6415f000 	/System/Library/PrivateFrameworks/CoreNLP.framework/Versions/A/CoreNLP
0x00007fff6ec28000 	/System/Library/PrivateFrameworks/MetadataUtilities.framework/Versions/A/MetadataUtilities
0x00007fff7a3da000 	/usr/lib/libmecabra.dylib
0x00007fff4e3d9000 	/System/Library/Frameworks/ApplicationServices.framework/Versions/A/Frameworks/ATS.framework/Versions/A/ATS
0x00007fff4e728000 	/System/Library/Frameworks/ApplicationServices.framework/Versions/A/Frameworks/ColorSyncLegacy.framework/Versions/A/ColorSyncLegacy
0x00007fff4e7c7000 	/System/Library/Frameworks/ApplicationServices.framework/Versions/A/Frameworks/HIServices.framework/Versions/A/HIServices
0x00007fff4e81a000 	/System/Library/Frameworks/ApplicationServices.framework/Versions/A/Frameworks/LangAnalysis.framework/Versions/A/LangAnalysis
0x00007fff4e82a000 	/System/Library/Frameworks/ApplicationServices.framework/Versions/A/Frameworks/PrintCore.framework/Versions/A/PrintCore
0x00007fff4e874000 	/System/Library/Frameworks/ApplicationServices.framework/Versions/A/Frameworks/QD.framework/Versions/A/QD
0x00007fff4e8ae000 	/System/Library/Frameworks/ApplicationServices.framework/Versions/A/Frameworks/SpeechSynthesis.framework/Versions/A/SpeechSynthesis
0x00007fff7945c000 	/usr/lib/libcompression.dylib
0x00007fff4fe43000 	/System/Library/Frameworks/CoreDisplay.framework/Versions/A/CoreDisplay
0x00007fff54d6f000 	/System/Library/Frameworks/MetalPerformanceShaders.framework/Versions/A/MetalPerformanceShaders
0x00007fff4c3b5000 	/System/Library/Frameworks/Accelerate.framework/Versions/A/Frameworks/vImage.framework/Versions/A/vImage
0x00007fff4d42f000 	/System/Library/Frameworks/Accelerate.framework/Versions/A/Frameworks/vecLib.framework/Versions/A/vecLib
0x00007fff4d37b000 	/System/Library/Frameworks/Accelerate.framework/Versions/A/Frameworks/vecLib.framework/Versions/A/libvMisc.dylib
0x00007fff4d193000 	/System/Library/Frameworks/Accelerate.framework/Versions/A/Frameworks/vecLib.framework/Versions/A/libvDSP.dylib
0x00007fff4ca4f000 	/System/Library/Frameworks/Accelerate.framework/Versions/A/Frameworks/vecLib.framework/Versions/A/libBLAS.dylib
0x00007fff4cd3c000 	/System/Library/Frameworks/Accelerate.framework/Versions/A/Frameworks/vecLib.framework/Versions/A/libLAPACK.dylib
0x00007fff4d0e6000 	/System/Library/Frameworks/Accelerate.framework/Versions/A/Frameworks/vecLib.framework/Versions/A/libLinearAlgebra.dylib
0x00007fff4d17f000 	/System/Library/Frameworks/Accelerate.framework/Versions/A/Frameworks/vecLib.framework/Versions/A/libSparseBLAS.dylib
0x00007fff4d0fc000 	/System/Library/Frameworks/Accelerate.framework/Versions/A/Frameworks/vecLib.framework/Versions/A/libQuadrature.dylib
0x00007fff4ccc9000 	/System/Library/Frameworks/Accelerate.framework/Versions/A/Frameworks/vecLib.framework/Versions/A/libBNNS.dylib
0x00007fff4d102000 	/System/Library/Frameworks/Accelerate.framework/Versions/A/Frameworks/vecLib.framework/Versions/A/libSparse.dylib
0x00007fff6b49a000 	/System/Library/PrivateFrameworks/GPUWrangler.framework/Versions/A/GPUWrangler
0x00007fff6d75e000 	/System/Library/PrivateFrameworks/IOAccelerator.framework/Versions/A/IOAccelerator
0x00007fff6d769000 	/System/Library/PrivateFrameworks/IOPresentment.framework/Versions/A/IOPresentment
0x00007fff64f30000 	/System/Library/PrivateFrameworks/DSExternalDisplay.framework/Versions/A/DSExternalDisplay
0x00007fff58fe3000 	/System/Library/Frameworks/OpenGL.framework/Versions/A/Libraries/libCoreFSCache.dylib
0x00007fff54b63000 	/System/Library/Frameworks/MetalPerformanceShaders.framework/Frameworks/MPSCore.framework/Versions/A/MPSCore
0x00007fff54b83000 	/System/Library/Frameworks/MetalPerformanceShaders.framework/Frameworks/MPSImage.framework/Versions/A/MPSImage
0x00007fff54c28000 	/System/Library/Frameworks/MetalPerformanceShaders.framework/Frameworks/MPSNeuralNetwork.framework/Versions/A/MPSNeuralNetwork
0x00007fff54c00000 	/System/Library/Frameworks/MetalPerformanceShaders.framework/Frameworks/MPSMatrix.framework/Versions/A/MPSMatrix
0x00007fff54d54000 	/System/Library/Frameworks/MetalPerformanceShaders.framework/Frameworks/MPSRayIntersector.framework/Versions/A/MPSRayIntersector
0x00007fff6ec51000 	/System/Library/PrivateFrameworks/MetalTools.framework/Versions/A/MetalTools
0x00007fff5faa5000 	/System/Library/PrivateFrameworks/AggregateDictionary.framework/Versions/A/AggregateDictionary
0x00007fff7903e000 	/usr/lib/libMobileGestalt.dylib
0x00007fff51cb8000 	/System/Library/Frameworks/CoreVideo.framework/Versions/A/CoreVideo
0x00007fff6c2a4000 	/System/Library/PrivateFrameworks/GraphVisualizer.framework/Versions/A/GraphVisualizer
0x00007fff6612a000 	/System/Library/PrivateFrameworks/FaceCore.framework/Versions/A/FaceCore
0x00007fff58611000 	/System/Library/Frameworks/OpenCL.framework/Versions/A/OpenCL
0x00007fff78d96000 	/usr/lib/libFosl_dynamic.dylib
0x00007fff6f9f9000 	/System/Library/PrivateFrameworks/OTSVG.framework/Versions/A/OTSVG
0x00007fff4e4dd000 	/System/Library/Frameworks/ApplicationServices.framework/Versions/A/Frameworks/ATS.framework/Versions/A/Resources/libFontParser.dylib
0x00007fff4e5f5000 	/System/Library/Frameworks/ApplicationServices.framework/Versions/A/Frameworks/ATS.framework/Versions/A/Resources/libFontRegistry.dylib
0x00007fff52bb6000 	/System/Library/Frameworks/ImageIO.framework/Versions/A/Resources/libJPEG.dylib
0x00007fff52ec8000 	/System/Library/Frameworks/ImageIO.framework/Versions/A/Resources/libTIFF.dylib
0x00007fff52e9e000 	/System/Library/Frameworks/ImageIO.framework/Versions/A/Resources/libPng.dylib
0x00007fff52ad4000 	/System/Library/Frameworks/ImageIO.framework/Versions/A/Resources/libGIF.dylib
0x00007fff52ad9000 	/System/Library/Frameworks/ImageIO.framework/Versions/A/Resources/libJP2.dylib
0x00007fff52ec5000 	/System/Library/Frameworks/ImageIO.framework/Versions/A/Resources/libRadiance.dylib
0x00007fff604f9000 	/System/Library/PrivateFrameworks/AppleJPEG.framework/Versions/A/AppleJPEG
0x00007fff58fee000 	/System/Library/Frameworks/OpenGL.framework/Versions/A/Libraries/libGFXShared.dylib
0x00007fff591b1000 	/System/Library/Frameworks/OpenGL.framework/Versions/A/Libraries/libGLU.dylib
0x00007fff58ff7000 	/System/Library/Frameworks/OpenGL.framework/Versions/A/Libraries/libGL.dylib
0x00007fff59003000 	/System/Library/Frameworks/OpenGL.framework/Versions/A/Libraries/libGLImage.dylib
0x00007fff58fe0000 	/System/Library/Frameworks/OpenGL.framework/Versions/A/Libraries/libCVMSPluginSupport.dylib
0x00007fff58fe9000 	/System/Library/Frameworks/OpenGL.framework/Versions/A/Libraries/libCoreVMClient.dylib
0x00007fff79d73000 	/usr/lib/libcups.2.dylib
0x00007fff5408b000 	/System/Library/Frameworks/Kerberos.framework/Versions/A/Kerberos
0x00007fff525bb000 	/System/Library/Frameworks/GSS.framework/Versions/A/GSS
0x00007fff7b483000 	/usr/lib/libresolv.9.dylib
0x00007fff79f65000 	/usr/lib/libiconv.2.dylib
0x00007fff6c400000 	/System/Library/PrivateFrameworks/Heimdal.framework/Versions/A/Heimdal
0x00007fff79f35000 	/usr/lib/libheimdal-asn1.dylib
0x00007fff58685000 	/System/Library/Frameworks/OpenDirectory.framework/Versions/A/OpenDirectory
0x00007fff62ec6000 	/System/Library/PrivateFrameworks/CommonAuth.framework/Versions/A/CommonAuth
0x00007fff58669000 	/System/Library/Frameworks/OpenDirectory.framework/Versions/A/Frameworks/CFOpenDirectory.framework/Versions/A/CFOpenDirectory
0x00007fff5b724000 	/System/Library/Frameworks/SecurityFoundation.framework/Versions/A/SecurityFoundation
0x00007fff5f000000 	/System/Library/PrivateFrameworks/APFS.framework/Versions/A/APFS
0x00007fff7b94b000 	/usr/lib/libutil.dylib
0x00007fff7944a000 	/usr/lib/libcharset.1.dylib
0x00007fff60796000 	/System/Library/PrivateFrameworks/AppleSauce.framework/Versions/A/AppleSauce
0x00007fff60917000 	/System/Library/PrivateFrameworks/AssertionServices.framework/Versions/A/AssertionServices
0x00007fff611f4000 	/System/Library/PrivateFrameworks/BaseBoard.framework/Versions/A/BaseBoard
0x00007fff7a335000 	/usr/lib/libmecab.1.0.0.dylib
0x00007fff79f2f000 	/usr/lib/libgermantok.dylib
0x00007fff7921a000 	/usr/lib/libThaiTokenizer.dylib
0x00007fff78cc6000 	/usr/lib/libChineseTokenizer.dylib
0x00007fff6de15000 	/System/Library/PrivateFrameworks/LanguageModeling.framework/Versions/A/LanguageModeling
0x00007fff63ba5000 	/System/Library/PrivateFrameworks/CoreEmoji.framework/Versions/A/CoreEmoji
0x00007fff6def1000 	/System/Library/PrivateFrameworks/Lexicon.framework/Versions/A/Lexicon
0x00007fff6df34000 	/System/Library/PrivateFrameworks/LinguisticData.framework/Versions/A/LinguisticData
0x00007fff7944b000 	/usr/lib/libcmph.dylib
0x00007fff5b7e2000 	/System/Library/Frameworks/ServiceManagement.framework/Versions/A/ServiceManagement
0x00007fff61155000 	/System/Library/PrivateFrameworks/BackgroundTaskManagement.framework/Versions/A/BackgroundTaskManagement
0x00007fff7ba44000 	/usr/lib/libxslt.1.dylib
0x00007fff4f548000 	/System/Library/Frameworks/Carbon.framework/Versions/A/Frameworks/Ink.framework/Versions/A/Ink
0x00007fff76d5b000 	/System/Library/PrivateFrameworks/TextureIO.framework/Versions/A/TextureIO
0x00007fff7926e000 	/usr/lib/libate.dylib
0x00007fff64e80000 	/System/Library/PrivateFrameworks/CrashReporterSupport.framework/Versions/A/CrashReporterSupport
0x00007fff7450d000 	/System/Library/PrivateFrameworks/Sharing.framework/Versions/A/Sharing
0x00007fff60cf6000 	/System/Library/PrivateFrameworks/AuthKit.framework/Versions/A/AuthKit
0x00007fff600a0000 	/System/Library/PrivateFrameworks/Apple80211.framework/Versions/A/Apple80211
0x00007fff64c2c000 	/System/Library/PrivateFrameworks/CoreUtils.framework/Versions/A/CoreUtils
0x00007fff51cf6000 	/System/Library/Frameworks/CoreWLAN.framework/Versions/A/CoreWLAN
0x00007fff526ea000 	/System/Library/Frameworks/IOBluetooth.framework/Versions/A/IOBluetooth
0x00007fff7299d000 	/System/Library/PrivateFrameworks/ProtocolBuffer.framework/Versions/A/ProtocolBuffer
0x00007fff6ee86000 	/System/Library/PrivateFrameworks/MobileKeyBag.framework/Versions/A/MobileKeyBag
0x00007fff64472000 	/System/Library/PrivateFrameworks/CorePhoneNumbers.framework/Versions/A/CorePhoneNumbers
0x00007fff604ad000 	/System/Library/PrivateFrameworks/AppleIDAuthSupport.framework/Versions/A/AppleIDAuthSupport
0x00007fff6dde8000 	/System/Library/PrivateFrameworks/KeychainCircle.framework/Versions/A/KeychainCircle
0x00007fff72b53000 	/System/Library/PrivateFrameworks/ROCKit.framework/Versions/A/ROCKit
0x00007fff64e1c000 	/System/Library/PrivateFrameworks/CoreWiFi.framework/Versions/A/CoreWiFi
0x00007fff4fa93000 	/System/Library/Frameworks/CoreBluetooth.framework/Versions/A/CoreBluetooth
0x00007fff65076000 	/System/Library/PrivateFrameworks/DebugSymbols.framework/Versions/A/DebugSymbols
0x00007fff649ed000 	/System/Library/PrivateFrameworks/CoreSymbolication.framework/Versions/A/CoreSymbolication
0x00007fff76577000 	/System/Library/PrivateFrameworks/Symbolication.framework/Versions/A/Symbolication
0x00007fff75e1a000 	/System/Library/PrivateFrameworks/SpeechRecognitionCore.framework/Versions/A/SpeechRecognitionCore
0x00007fff449da000 	/System/Library/CoreServices/Encodings/libSimplifiedChineseConverter.dylib
0x000000010c800000 	/Users/yuzhipeng/Desktop/sonar-scanner-4.0.0.1744-macosx/jre/lib/server/libjvm.dylib
0x00007fff7b81c000 	/usr/lib/libstdc++.6.dylib
0x000000010be4b000 	/Users/yuzhipeng/Desktop/sonar-scanner-4.0.0.1744-macosx/jre/lib/libverify.dylib
0x000000010be57000 	/Users/yuzhipeng/Desktop/sonar-scanner-4.0.0.1744-macosx/jre/lib/libjava.dylib
0x000000010bee6000 	/Users/yuzhipeng/Desktop/sonar-scanner-4.0.0.1744-macosx/jre/lib/libzip.dylib
0x000000010beee000 	/Users/yuzhipeng/Desktop/sonar-scanner-4.0.0.1744-macosx/jre/lib/libjimage.dylib


VM Arguments:
jvm_args: -Djava.awt.headless=true -Dscanner.home=/Users/yuzhipeng/Desktop/sonar-scanner-4.0.0.1744-macosx -Dproject.home=/Users/yuzhipeng/go/src/Algorithm-Datastruct 
java_command: org.sonarsource.scanner.cli.Main -Dsonar.projectKey=algorithm -Dsonar.sources=.
java_class_path (initial): /Users/yuzhipeng/Desktop/sonar-scanner-4.0.0.1744-macosx/lib/sonar-scanner-cli-4.0.0.1744.jar
Launcher Type: SUN_STANDARD

[Global flags]
     uint G1ConcRefinementThreads                  = 4                                         {product} {ergonomic}
    uintx GCDrainStackTargetSize                   = 64                                        {product} {ergonomic}
   size_t InitialHeapSize                          = 134217728                                 {product} {ergonomic}
   size_t MaxHeapSize                              = 2147483648                                {product} {ergonomic}
    uintx ReservedCodeCacheSize                    = 251658240                              {pd product} {ergonomic}
     bool SegmentedCodeCache                       = true                                      {product} {ergonomic}
     bool UseCompressedClassPointers               = true                                 {lp64_product} {ergonomic}
     bool UseCompressedOops                        = true                                 {lp64_product} {ergonomic}
     bool UseG1GC                                  = true                                      {product} {ergonomic}

Logging:
Log output configuration:
 #0: stdout all=warning uptime,level,tags
 #1: stderr all=off uptime,level,tags

Environment Variables:
JAVA_HOME=/Users/yuzhipeng/Desktop/sonar-scanner-4.0.0.1744-macosx/jre
PATH=/usr/local/Cellar/go/1.12.4/libexec/bin:/usr/local/opt/coreutils/libexec/gnubin:/Users/yuzhipeng/.rvm/gems/ruby-2.3.0/bin:/Users/yuzhipeng/.rvm/gems/ruby-2.3.0@global/bin:/Users/yuzhipeng/.rvm/rubies/ruby-2.3.0/bin:/usr/local/bin:/usr/bin:/bin:/usr/sbin:/sbin:/Library/TeX/texbin:/usr/local/go/bin:/Users/yuzhipeng/apache-maven-3.5.4/bin:/Users/yuzhipeng/apache-ant-1.10.5/bin:/Users/yuzhipeng/go/bin:/usr/local/bin:/Users/yuzhipeng/Desktop/sonar-scanner-4.0.0.1744-macosx/bin:/Users/yuzhipeng/.rvm/bin:/Users/yuzhipeng/go/bin
SHELL=/bin/zsh

Signal Handlers:
SIGSEGV: [libjvm.dylib+0x770f12], sa_mask[0]=11111111011111110111111111111111, sa_flags=SA_ONSTACK|SA_RESTART|SA_SIGINFO
SIGBUS: [libjvm.dylib+0x770f12], sa_mask[0]=11111111011111110111111111111111, sa_flags=SA_RESTART|SA_SIGINFO
SIGFPE: [libjvm.dylib+0x770f12], sa_mask[0]=11111111011111110111111111111111, sa_flags=SA_RESTART|SA_SIGINFO
SIGPIPE: [libjvm.dylib+0x60ddbe], sa_mask[0]=11111111011111110111111111111111, sa_flags=SA_RESTART|SA_SIGINFO
SIGXFSZ: [libjvm.dylib+0x60ddbe], sa_mask[0]=11111111011111110111111111111111, sa_flags=SA_RESTART|SA_SIGINFO
SIGILL: [libjvm.dylib+0x770f12], sa_mask[0]=11111111011111110111111111111111, sa_flags=SA_RESTART|SA_SIGINFO
SIGUSR2: [libjvm.dylib+0x60e3ae], sa_mask[0]=00000000000000000000000000000000, sa_flags=SA_RESTART|SA_SIGINFO
SIGHUP: SIG_DFL, sa_mask[0]=00000000000000000000000000000000, sa_flags=none
SIGINT: SIG_DFL, sa_mask[0]=00000000000000000000000000000000, sa_flags=none
SIGTERM: SIG_DFL, sa_mask[0]=00000000000000000000000000000000, sa_flags=none
SIGQUIT: SIG_DFL, sa_mask[0]=00000000000000000000000000000000, sa_flags=none


---------------  S Y S T E M  ---------------

OS:uname:Darwin 18.5.0 Darwin Kernel Version 18.5.0: Mon Mar 11 20:40:32 PDT 2019; root:xnu-4903.251.3~3/RELEASE_X86_64 x86_64
rlimit: STACK 65532k, CORE 0k, NPROC 709, NOFILE 10240, AS infinity, DATA infinity, FSIZE infinity
load average:10.22 15.12 13.10

CPU:total 4 (initial active 4) 

Memory: 4k page, physical 8388608k(964804k free)

vm_info: OpenJDK 64-Bit Server VM (11.0.3+7) for bsd-amd64 JRE (11.0.3+7), built on Apr 18 2019 04:31:22 by "jenkins" with gcc 4.2.1 Compatible Apple LLVM 7.0.2 (clang-700.1.81)

END.
